<?xml version="1.0" encoding="utf-8"?><testsuites><testsuite name="pytest" errors="0" failures="0" skipped="0" tests="5" time="0.441" timestamp="2022-03-29T14:45:29.344044" hostname="DESKTOP-B07JMOK"><testcase classname="test_primeornot" name="test_prime[3-True]" time="0.006" /><testcase classname="test_primeornot" name="test_prime[4-False]" time="0.010" /><testcase classname="test_primeornot" name="test_prime[1-False]" time="0.005" /><testcase classname="test_primeornot" name="test_prime[20-False]" time="0.006" /><testcase classname="test_primeornot" name="test_prime[11-True]" time="0.005" /></testsuite></testsuites>